0.000000e+00
0.000000e+00
0.000000e+00
0.000000e+00
0.000000e+00
0.000000e+00
0.000000e+00
0.000000e+00
0.000000e+00
0.000000e+00
0.000000e+00
0.000000e+00
0.000000e+00
1.666447e+00
0.000000e+00
0.000000e+00
1.134623e-04
2.551895e-04
4.061212e-04
5.622119e-04
7.214765e-04
8.828232e-04
1.045598e-03
1.209385e-03
1.373906e-03
1.538966e-03
1.704430e-03
1.870198e-03
2.036198e-03
2.202373e-03
2.368683e-03
2.535097e-03
2.701592e-03
2.868148e-03
3.034752e-03
3.201389e-03
3.368031e-03
3.534673e-03
3.701315e-03
3.867957e-03
4.034599e-03
4.201241e-03
4.367883e-03
4.534525e-03
4.701167e-03
4.867809e-03
5.034451e-03
5.201094e-03
5.367736e-03
5.534378e-03
5.701020e-03
5.867662e-03
6.034304e-03
6.200946e-03
6.367588e-03
6.534230e-03
6.700872e-03
6.867514e-03
7.034156e-03
7.200798e-03
7.367440e-03
7.534083e-03
7.700725e-03
7.867367e-03
8.034009e-03
8.200651e-03
8.367293e-03
8.533935e-03
8.700577e-03
8.867219e-03
9.033862e-03
9.200504e-03
9.367146e-03
9.533788e-03
9.700430e-03
9.867072e-03
1.003371e-02
1.020036e-02
1.036700e-02
1.053364e-02
1.070028e-02
1.086693e-02
1.103357e-02
1.120021e-02
1.136685e-02
1.153349e-02
1.170014e-02
1.186678e-02
1.203342e-02
1.220006e-02
1.236671e-02
1.253335e-02
1.269999e-02
1.286663e-02
1.303327e-02
1.319992e-02
1.336656e-02
1.353320e-02
1.369984e-02
1.386649e-02
1.403313e-02
1.419977e-02
1.436641e-02
1.453306e-02
1.469970e-02
1.486634e-02
1.503298e-02
1.519962e-02
1.536627e-02
1.553291e-02
1.569955e-02
1.586619e-02
1.603284e-02
1.619948e-02
1.636612e-02
1.653276e-02
1.669941e-02
1.686605e-02
1.703269e-02
1.719933e-02
1.736598e-02
1.753262e-02
1.769926e-02
1.786590e-02
1.803255e-02
1.819919e-02
1.836583e-02
1.853247e-02
1.869912e-02
1.886576e-02
1.903240e-02
1.919904e-02
1.936569e-02
1.953233e-02
1.969897e-02
1.986561e-02
2.003226e-02
2.019890e-02
2.036554e-02
2.053218e-02
2.069883e-02
2.086547e-02
2.103211e-02
2.119875e-02
2.136540e-02
2.153204e-02
2.169868e-02
2.186532e-02
2.203197e-02
2.219861e-02
2.236525e-02
2.253189e-02
2.269854e-02
2.286518e-02
2.303182e-02
2.319846e-02
2.336511e-02
2.353175e-02
2.369839e-02
2.386503e-02
2.403168e-02
2.419832e-02
2.436496e-02
2.453161e-02
2.469825e-02
2.486489e-02
2.503153e-02
2.519818e-02
2.536482e-02
2.553146e-02
2.569810e-02
2.586475e-02
2.603139e-02
2.619803e-02
2.636468e-02
2.653132e-02
2.669796e-02
2.686460e-02
2.703125e-02
2.719789e-02
2.736453e-02
2.753117e-02
2.769782e-02
2.786446e-02
2.803110e-02
2.819775e-02
2.836439e-02
2.853103e-02
2.869767e-02
2.886432e-02
2.903096e-02
2.919760e-02
2.936425e-02
2.953089e-02
2.969753e-02
2.986417e-02
3.003082e-02
3.019746e-02
3.036410e-02
3.053075e-02
3.069739e-02
3.086403e-02
3.103067e-02
3.119732e-02
3.136396e-02
3.153060e-02
3.169725e-02
3.186389e-02
3.203053e-02
3.219718e-02
3.236382e-02
3.253046e-02
3.269710e-02
3.286375e-02
3.303039e-02
3.319703e-02
3.336368e-02
3.353032e-02
3.369696e-02
3.386361e-02
3.403025e-02
3.419689e-02
3.436353e-02
3.453018e-02
3.469682e-02
3.486346e-02
3.503011e-02
3.519675e-02
3.536339e-02
3.553004e-02
3.569668e-02
3.586332e-02
3.602996e-02
3.619661e-02
3.636325e-02
3.652989e-02
3.669654e-02
3.686318e-02
3.702982e-02
3.719647e-02
3.736311e-02
3.752975e-02
3.769640e-02
3.786304e-02
3.802968e-02
3.819633e-02
3.836297e-02
3.852961e-02
3.869625e-02
3.886290e-02
3.902954e-02
3.919618e-02
3.936283e-02
3.952947e-02
3.969611e-02
3.986276e-02
4.002940e-02
4.019604e-02
4.036269e-02
4.052933e-02
4.069597e-02
4.086262e-02
4.102926e-02
4.119590e-02
4.136255e-02
4.152919e-02
4.169583e-02
4.186248e-02
4.202912e-02
4.219576e-02
4.236241e-02
4.252905e-02
4.269569e-02
4.286234e-02
4.302898e-02
4.319562e-02
4.336227e-02
4.352891e-02
4.369555e-02
4.386220e-02
4.402884e-02
4.419548e-02
4.436213e-02
4.452877e-02
4.469541e-02
4.486206e-02
4.502870e-02
4.519534e-02
4.536199e-02
4.552863e-02
4.569527e-02
4.586192e-02
4.602856e-02
4.619520e-02
4.636185e-02
4.652849e-02
4.669513e-02
4.686178e-02
4.702842e-02
4.719507e-02
4.736171e-02
4.752835e-02
4.769500e-02
4.786164e-02
4.802828e-02
4.819493e-02
4.836157e-02
4.852821e-02
4.869486e-02
4.886150e-02
4.902814e-02
4.919479e-02
4.936143e-02
4.952807e-02
4.969472e-02
4.986136e-02
5.002801e-02
5.019465e-02
5.036129e-02
5.052794e-02
5.069458e-02
5.086122e-02
5.102787e-02
5.119451e-02
5.136115e-02
5.152780e-02
5.169444e-02
5.186108e-02
5.202773e-02
5.219437e-02
5.236102e-02
5.252766e-02
5.269430e-02
5.286095e-02
5.302759e-02
5.319423e-02
5.336088e-02
5.352752e-02
5.369417e-02
5.386081e-02
5.402745e-02
5.419410e-02
5.436074e-02
5.452738e-02
5.469403e-02
5.486067e-02
5.502732e-02
5.519396e-02
5.536060e-02
5.552725e-02
5.569389e-02
5.586053e-02
5.602718e-02
5.619382e-02
5.636047e-02
5.652711e-02
5.669375e-02
5.686040e-02
5.702704e-02
5.719368e-02
5.736033e-02
5.752697e-02
5.769362e-02
5.786026e-02
5.802690e-02
5.819355e-02
5.836019e-02
5.852684e-02
5.869348e-02
5.886012e-02
5.902677e-02
5.919341e-02
5.936005e-02
5.952670e-02
5.969334e-02
5.985999e-02
6.002663e-02
6.019327e-02
6.035992e-02
6.052656e-02
6.069321e-02
6.085985e-02
6.102649e-02
6.119314e-02
6.135978e-02
6.152643e-02
6.169307e-02
6.185971e-02
6.202636e-02
6.219300e-02
6.235965e-02
6.252629e-02
6.269293e-02
6.285958e-02
6.302622e-02
6.319287e-02
6.335951e-02
6.352615e-02
6.369280e-02
6.385944e-02
6.402609e-02
6.419273e-02
6.435937e-02
6.452602e-02
6.469266e-02
6.485931e-02
6.502595e-02
6.519259e-02
6.535924e-02
6.552588e-02
6.569253e-02
6.585917e-02
6.602581e-02
6.619246e-02
6.635910e-02
6.652575e-02
6.669239e-02
6.685904e-02
6.702568e-02
6.719232e-02
6.735897e-02
6.752561e-02
6.769226e-02
6.785890e-02
6.802554e-02
6.819219e-02
6.835883e-02
6.852548e-02
6.869212e-02
6.885877e-02
6.902541e-02
6.919205e-02
6.935870e-02
6.952534e-02
6.969199e-02
6.985863e-02
7.002527e-02
7.019192e-02
7.035856e-02
7.052521e-02
7.069185e-02
7.085850e-02
7.102514e-02
7.119178e-02
7.135843e-02
7.152507e-02
7.169172e-02
7.185836e-02
7.202501e-02
7.219165e-02
7.235829e-02
7.252494e-02
7.269158e-02
7.285823e-02
7.302487e-02
7.319152e-02
7.335816e-02
7.352481e-02
7.369145e-02
7.385809e-02
7.402474e-02
7.419138e-02
7.435803e-02
7.452467e-02
7.469132e-02
7.485796e-02
7.502460e-02
7.519125e-02
7.535789e-02
7.552454e-02
7.569118e-02
7.585783e-02
7.602447e-02
7.619112e-02
7.635776e-02
7.652440e-02
7.669105e-02
7.685769e-02
7.702434e-02
7.719098e-02
7.735763e-02
7.752427e-02
7.769092e-02
7.785756e-02
7.802420e-02
7.819085e-02
7.835749e-02
7.852414e-02
7.869078e-02
7.885743e-02
7.902407e-02
7.919072e-02
7.935736e-02
7.952401e-02
7.969065e-02
7.985729e-02
8.002394e-02
8.019058e-02
8.035723e-02
8.052387e-02
8.069052e-02
8.085716e-02
8.102381e-02
8.119045e-02
8.135710e-02
8.152374e-02
8.169039e-02
8.185703e-02
8.202367e-02
8.219032e-02
8.235696e-02
8.252361e-02
8.269025e-02
8.285690e-02
8.302354e-02
8.319019e-02
8.335683e-02
8.352348e-02
8.369012e-02
8.385677e-02
8.402341e-02
8.419006e-02
8.435670e-02
8.452334e-02
8.468999e-02
8.485663e-02
8.502328e-02
8.518992e-02
8.535657e-02
8.552321e-02
8.568986e-02
8.585650e-02
8.602315e-02
8.618979e-02
8.635644e-02
8.652308e-02
8.668973e-02
8.685637e-02
8.702302e-02
8.718966e-02
8.735631e-02
8.752295e-02
8.768959e-02
8.785624e-02
8.802288e-02
8.818953e-02
8.835617e-02
8.852282e-02
8.868946e-02
8.885611e-02
8.902275e-02
8.918940e-02
8.935604e-02
8.952269e-02
8.968933e-02
8.985598e-02
9.002262e-02
9.018927e-02
9.035591e-02
9.052256e-02
9.068920e-02
9.085585e-02
9.102249e-02
9.118914e-02
9.135578e-02
9.152243e-02
9.168907e-02
9.185572e-02
9.202236e-02
9.218901e-02
9.235565e-02
9.252230e-02
9.268894e-02
9.285559e-02
9.302223e-02
9.318888e-02
9.335552e-02
9.352217e-02
9.368881e-02
9.385546e-02
9.402210e-02
9.418875e-02
9.435539e-02
9.452204e-02
9.468868e-02
9.485533e-02
9.502197e-02
9.518862e-02
9.535526e-02
9.552191e-02
9.568855e-02
9.585520e-02
9.602184e-02
9.618849e-02
9.635513e-02
9.652178e-02
9.668842e-02
9.685507e-02
9.702171e-02
9.718836e-02
9.735500e-02
9.752165e-02
9.768829e-02
9.785494e-02
9.802158e-02
9.818823e-02
9.835487e-02
9.852152e-02
9.868816e-02
9.885481e-02
9.902145e-02
9.918810e-02
9.935474e-02
9.952139e-02
9.968803e-02
9.985468e-02
1.000213e-01
1.001880e-01
1.003546e-01
1.005213e-01
1.006879e-01
1.008546e-01
1.010212e-01
1.011878e-01
1.013545e-01
1.015211e-01
1.016878e-01
1.018544e-01
1.020211e-01
1.021877e-01
1.023544e-01
1.025210e-01
1.026876e-01
1.028543e-01
1.030209e-01
1.031876e-01
1.033542e-01
1.035209e-01
1.036875e-01
1.038542e-01
1.040208e-01
1.041875e-01
1.043541e-01
1.045207e-01
1.046874e-01
1.048540e-01
1.050207e-01
1.051873e-01
1.053540e-01
1.055206e-01
1.056873e-01
1.058539e-01
1.060206e-01
1.061872e-01
1.063538e-01
1.065205e-01
1.066871e-01
1.068538e-01
1.070204e-01
1.071871e-01
1.073537e-01
1.075204e-01
1.076870e-01
1.078537e-01
1.080203e-01
1.081869e-01
1.083536e-01
1.085202e-01
1.086869e-01
1.088535e-01
1.090202e-01
1.091868e-01
1.093535e-01
1.095201e-01
1.096868e-01
1.098534e-01
1.100200e-01
1.101867e-01
1.103533e-01
1.105200e-01
1.106866e-01
1.108533e-01
1.110199e-01
1.111866e-01
1.113532e-01
1.115199e-01
1.116865e-01
1.118531e-01
1.120198e-01
1.121864e-01
1.123531e-01
1.125197e-01
1.126864e-01
1.128530e-01
1.130197e-01
1.131863e-01
1.133530e-01
1.135196e-01
1.136862e-01
1.138529e-01
1.140195e-01
1.141862e-01
1.143528e-01
1.145195e-01
1.146861e-01
1.148528e-01
1.150194e-01
1.151861e-01
1.153527e-01
1.155193e-01
1.156860e-01
1.158526e-01
1.160193e-01
1.161859e-01
1.163526e-01
1.165192e-01
1.166859e-01
1.168525e-01
1.170192e-01
1.171858e-01
1.173525e-01
1.175191e-01
1.176857e-01
1.178524e-01
1.180190e-01
1.181857e-01
1.183523e-01
1.185190e-01
1.186856e-01
1.188523e-01
1.190189e-01
1.191856e-01
1.193522e-01
1.195188e-01
1.196855e-01
1.198521e-01
1.200188e-01
1.201854e-01
1.203521e-01
1.205187e-01
1.206854e-01
1.208520e-01
1.210187e-01
1.211853e-01
1.213519e-01
1.215186e-01
1.216852e-01
1.218519e-01
1.220185e-01
1.221852e-01
1.223518e-01
1.225185e-01
1.226851e-01
1.228518e-01
1.230184e-01
1.231851e-01
1.233517e-01
1.235183e-01
1.236850e-01
1.238516e-01
1.240183e-01
1.241849e-01
1.243516e-01
1.245182e-01
1.246849e-01
1.248515e-01
1.250182e-01
1.251848e-01
1.253515e-01
1.255181e-01
1.256847e-01
1.258514e-01
1.260180e-01
1.261847e-01
1.263513e-01
1.265180e-01
1.266846e-01
1.268513e-01
1.270179e-01
1.271846e-01
1.273512e-01
1.275178e-01
1.276845e-01
1.278511e-01
1.280178e-01
1.281844e-01
1.283511e-01
1.285177e-01
1.286844e-01
1.288510e-01
1.290177e-01
1.291843e-01
1.293510e-01
1.295176e-01
1.296842e-01
1.298509e-01
1.300175e-01
1.301842e-01
1.303508e-01
1.305175e-01
1.306841e-01
1.308508e-01
1.310174e-01
1.311841e-01
1.313507e-01
1.315174e-01
1.316840e-01
1.318506e-01
1.320173e-01
1.321839e-01
1.323506e-01
1.325172e-01
1.326839e-01
1.328505e-01
1.330172e-01
1.331838e-01
1.333505e-01
1.335171e-01
1.336838e-01
1.338504e-01
1.340170e-01
1.341837e-01
1.343503e-01
1.345170e-01
1.346836e-01
1.348503e-01
1.350169e-01
1.351836e-01
1.353502e-01
1.355169e-01
1.356835e-01
1.358502e-01
1.360168e-01
1.361834e-01
1.363501e-01
1.365167e-01
1.366834e-01
1.368500e-01
1.370167e-01
1.371833e-01
1.373500e-01
1.375166e-01
1.376833e-01
1.378499e-01
1.380166e-01
1.381832e-01
1.383499e-01
1.385165e-01
1.386831e-01
1.388498e-01
1.390164e-01
1.391831e-01
1.393497e-01
1.395164e-01
1.396830e-01
1.398497e-01
1.400163e-01
1.401830e-01
1.403496e-01
1.405163e-01
1.406829e-01
1.408495e-01
1.410162e-01
1.411828e-01
1.413495e-01
1.415161e-01
1.416828e-01
1.418494e-01
1.420161e-01
1.421827e-01
1.423494e-01
1.425160e-01
1.426827e-01
1.428493e-01
1.430160e-01
1.431826e-01
1.433492e-01
1.435159e-01
1.436825e-01
1.438492e-01
1.440158e-01
1.441825e-01
1.443491e-01
1.445158e-01
1.446824e-01
1.448491e-01
1.450157e-01
1.451824e-01
1.453490e-01
1.455156e-01
1.456823e-01
1.458489e-01
1.460156e-01
1.461822e-01
1.463489e-01
1.465155e-01
1.466822e-01
1.468488e-01
1.470155e-01
1.471821e-01
1.473488e-01
1.475154e-01
1.476821e-01
1.478487e-01
1.480153e-01
1.481820e-01
1.483486e-01
1.485153e-01
1.486819e-01
1.488486e-01
1.490152e-01
1.491819e-01
1.493485e-01
1.495152e-01
1.496818e-01
1.498485e-01
1.500151e-01
1.501818e-01
1.503484e-01
1.505150e-01
1.506817e-01
1.508483e-01
1.510150e-01
1.511816e-01
1.513483e-01
1.515149e-01
1.516816e-01
1.518482e-01
1.520149e-01
1.521815e-01
1.523482e-01
1.525148e-01
1.526815e-01
1.528481e-01
1.530147e-01
1.531814e-01
1.533480e-01
1.535147e-01
1.536813e-01
1.538480e-01
1.540146e-01
1.541813e-01
1.543479e-01
1.545146e-01
1.546812e-01
1.548479e-01
1.550145e-01
1.551812e-01
1.553478e-01
1.555145e-01
1.556811e-01
1.558477e-01
1.560144e-01
1.561810e-01
1.563477e-01
1.565143e-01
1.566810e-01
1.568476e-01
1.570143e-01
1.571809e-01
1.573476e-01
1.575142e-01
1.576809e-01
1.578475e-01
1.580142e-01
1.581808e-01
1.583474e-01
1.585141e-01
1.586807e-01
1.588474e-01
1.590140e-01
1.591807e-01
1.593473e-01
1.595140e-01
1.596806e-01
1.598473e-01
1.600139e-01
1.601806e-01
1.603472e-01
1.605139e-01
1.606805e-01
1.608472e-01
1.610138e-01
1.611804e-01
1.613471e-01
1.615137e-01
1.616804e-01
1.618470e-01
1.620137e-01
1.621803e-01
1.623470e-01
1.625136e-01
1.626803e-01
1.628469e-01
1.630136e-01
1.631802e-01
1.633469e-01
1.635135e-01
1.636802e-01
1.638468e-01
1.640134e-01
1.641801e-01
1.643467e-01
1.645134e-01
1.646800e-01
1.648467e-01
1.650133e-01
1.651800e-01
1.653466e-01
1.655133e-01
1.656799e-01
1.658466e-01
1.660132e-01
1.661799e-01
1.663465e-01
1.665132e-01
1.666798e-01
1.668464e-01
1.670131e-01
1.671797e-01
1.673464e-01
1.675130e-01
1.676797e-01
1.678463e-01
1.680130e-01
1.681796e-01
1.683463e-01
1.685129e-01
1.686796e-01
1.688462e-01
1.690129e-01
1.691795e-01
1.693462e-01
1.695128e-01
1.696795e-01
1.698461e-01
1.700127e-01
1.701794e-01
1.703460e-01
1.705127e-01
1.706793e-01
1.708460e-01
1.710126e-01
1.711793e-01
1.713459e-01
1.715126e-01
1.716792e-01
1.718459e-01
1.720125e-01
1.721792e-01
1.723458e-01
1.725125e-01
1.726791e-01
1.728458e-01
1.730124e-01
1.731790e-01
1.733457e-01
1.735123e-01
1.736790e-01
1.738456e-01
1.740123e-01
1.741789e-01
1.743456e-01
1.745122e-01
1.746789e-01
1.748455e-01
1.750122e-01
1.751788e-01
1.753455e-01
1.755121e-01
1.756788e-01
1.758454e-01
1.760121e-01
1.761787e-01
1.763453e-01
1.765120e-01
1.766786e-01
1.768453e-01
1.770119e-01
1.771786e-01
1.773452e-01
1.775119e-01
1.776785e-01
1.778452e-01
1.780118e-01
1.781785e-01
1.783451e-01
1.785118e-01
1.786784e-01
1.788451e-01
1.790117e-01
1.791784e-01
1.793450e-01
1.795116e-01
1.796783e-01
1.798449e-01
1.800116e-01
1.801782e-01
1.803449e-01
1.805115e-01
1.806782e-01
1.808448e-01
1.810115e-01
1.811781e-01
1.813448e-01
1.815114e-01
1.816781e-01
1.818447e-01
1.820114e-01
1.821780e-01
1.823447e-01
1.825113e-01
1.826780e-01
1.828446e-01
1.830112e-01
1.831779e-01
1.833445e-01
1.835112e-01
1.836778e-01
1.838445e-01
1.840111e-01
1.841778e-01
1.843444e-01
1.845111e-01
1.846777e-01
1.848444e-01
1.850110e-01
1.851777e-01
1.853443e-01
1.855110e-01
1.856776e-01
1.858443e-01
1.860109e-01
1.861776e-01
1.863442e-01
1.865109e-01
1.866775e-01
1.868441e-01
1.870108e-01
1.871774e-01
1.873441e-01
1.875107e-01
1.876774e-01
1.878440e-01
1.880107e-01
1.881773e-01
1.883440e-01
1.885106e-01
1.886773e-01
1.888439e-01
1.890106e-01
1.891772e-01
1.893439e-01
1.895105e-01
1.896772e-01
1.898438e-01
1.900105e-01
1.901771e-01
1.903438e-01
1.905104e-01
1.906770e-01
1.908437e-01
1.910103e-01
1.911770e-01
1.913436e-01
1.915103e-01
1.916769e-01
1.918436e-01
1.920102e-01
1.921769e-01
1.923435e-01
1.925102e-01
1.926768e-01
1.928435e-01
1.930101e-01
1.931768e-01
1.933434e-01
1.935101e-01
1.936767e-01
1.938434e-01
1.940100e-01
1.941767e-01
1.943433e-01
1.945099e-01
1.946766e-01
1.948432e-01
1.950099e-01
1.951765e-01
1.953432e-01
1.955098e-01
1.956765e-01
1.958431e-01
1.960098e-01
1.961764e-01
1.963431e-01
1.965097e-01
1.966764e-01
1.968430e-01
1.970097e-01
1.971763e-01
1.973430e-01
1.975096e-01
1.976763e-01
1.978429e-01
1.980096e-01
1.981762e-01
1.983429e-01
1.985095e-01
1.986762e-01
1.988428e-01
1.990094e-01
1.991761e-01
1.993427e-01
1.995094e-01
1.996760e-01
1.998427e-01
2.000093e-01
2.001760e-01
2.003426e-01
2.005093e-01
2.006759e-01
2.008426e-01
2.010092e-01
2.011759e-01
2.013425e-01
2.015092e-01
2.016758e-01
2.018425e-01
2.020091e-01
2.021758e-01
2.023424e-01
2.025091e-01
2.026757e-01
2.028424e-01
2.030090e-01
2.031757e-01
2.033423e-01
2.035089e-01
2.036756e-01
2.038422e-01
2.040089e-01
2.041755e-01
2.043422e-01
2.045088e-01
2.046755e-01
2.048421e-01
2.050088e-01
2.051754e-01
2.053421e-01
2.055087e-01
2.056754e-01
2.058420e-01
2.060087e-01
2.061753e-01
2.063420e-01
2.065086e-01
2.066753e-01
2.068419e-01
2.070086e-01
2.071752e-01
2.073419e-01
2.075085e-01
2.076752e-01
2.078418e-01
2.080085e-01
2.081751e-01
2.083418e-01
2.085084e-01
2.086750e-01
2.088417e-01
2.090083e-01
2.091750e-01
2.093416e-01
2.095083e-01
2.096749e-01
2.098416e-01
2.100082e-01
2.101749e-01
2.103415e-01
2.105082e-01
2.106748e-01
2.108415e-01
2.110081e-01
2.111748e-01
2.113414e-01
2.115081e-01
2.116747e-01
2.118414e-01
2.120080e-01
2.121747e-01
2.123413e-01
2.125080e-01
2.126746e-01
2.128413e-01
2.130079e-01
2.131746e-01
2.133412e-01
2.135079e-01
2.136745e-01
2.138412e-01
2.140078e-01
2.141744e-01
2.143411e-01
2.145077e-01
2.146744e-01
2.148410e-01
2.150077e-01
2.151743e-01
2.153410e-01
2.155076e-01
2.156743e-01
2.158409e-01
2.160076e-01
2.161742e-01
2.163409e-01
2.165075e-01
2.166742e-01
2.168408e-01
2.170075e-01
2.171741e-01
2.173408e-01
2.175074e-01
2.176741e-01
2.178407e-01
2.180074e-01
2.181740e-01
2.183407e-01
2.185073e-01
2.186740e-01
2.188406e-01
2.190073e-01
2.191739e-01
2.193406e-01
2.195072e-01
2.196739e-01
2.198405e-01
2.200072e-01
2.201738e-01
2.203404e-01
2.205071e-01
2.206737e-01
2.208404e-01
2.210070e-01
2.211737e-01
2.213403e-01
2.215070e-01
2.216736e-01
2.218403e-01
2.220069e-01
2.221736e-01
2.223402e-01
2.225069e-01
2.226735e-01
2.228402e-01
2.230068e-01
2.231735e-01
2.233401e-01
2.235068e-01
2.236734e-01
2.238401e-01
2.240067e-01
2.241734e-01
2.243400e-01
2.245067e-01
2.246733e-01
2.248400e-01
2.250066e-01
2.251733e-01
2.253399e-01
2.255066e-01
2.256732e-01
2.258399e-01
2.260065e-01
2.261732e-01
2.263398e-01
2.265065e-01
2.266731e-01
2.268398e-01
2.270064e-01
2.271731e-01
2.273397e-01
2.275063e-01
2.276730e-01
2.278396e-01
2.280063e-01
2.281729e-01
2.283396e-01
2.285062e-01
2.286729e-01
2.288395e-01
2.290062e-01
2.291728e-01
2.293395e-01
2.295061e-01
2.296728e-01
2.298394e-01
2.300061e-01
2.301727e-01
2.303394e-01
2.305060e-01
2.306727e-01
2.308393e-01
2.310060e-01
2.311726e-01
2.313393e-01
2.315059e-01
2.316726e-01
2.318392e-01
2.320059e-01
2.321725e-01
2.323392e-01
2.325058e-01
2.326725e-01
2.328391e-01
2.330058e-01
2.331724e-01
2.333391e-01
2.335057e-01
2.336724e-01
2.338390e-01
2.340057e-01
2.341723e-01
2.343390e-01
2.345056e-01
2.346723e-01
2.348389e-01
2.350056e-01
2.351722e-01
2.353389e-01
2.355055e-01
2.356722e-01
2.358388e-01
2.360055e-01
2.361721e-01
2.363388e-01
2.365054e-01
2.366720e-01
2.368387e-01
2.370053e-01
2.371720e-01
2.373386e-01
2.375053e-01
2.376719e-01
2.378386e-01
2.380052e-01
2.381719e-01
2.383385e-01
2.385052e-01
2.386718e-01
2.388385e-01
2.390051e-01
2.391718e-01
2.393384e-01
2.395051e-01
2.396717e-01
2.398384e-01
2.400050e-01
2.401717e-01
2.403383e-01
2.405050e-01
2.406716e-01
0.000000e+00
0.000000e+00
7.498611e-05
1.583029e-04
7.498611e-05
2.416197e-04
3.249365e-04
1.583029e-04
4.082533e-04
4.915701e-04
2.416197e-04
5.748868e-04
6.582036e-04
3.249365e-04
7.415204e-04
8.248372e-04
4.082533e-04
4.915701e-04
5.748868e-04
6.582036e-04
7.415204e-04
8.248372e-04
0.000000e+00
